Analysis & Synthesis report for CAN
Mon Jul 20 15:34:56 2026
Quartus II 64-Bit Version 13.1.0 Build 162 10/23/2013 SJ Full Version


---------------------
; Table of Contents ;
---------------------
  1. Legal Notice
  2. Analysis & Synthesis Summary
  3. Analysis & Synthesis Settings
  4. Parallel Compilation
  5. Analysis & Synthesis Source Files Read
  6. Analysis & Synthesis Resource Usage Summary
  7. Analysis & Synthesis Resource Utilization by Entity
  8. Analysis & Synthesis RAM Summary
  9. State Machine - |fpga_top|can_top:u_can_top|can_level_packet:u_can_level_packet|stat
 10. State Machine - |fpga_top|can_top:u_can_top|can_level_packet:u_can_level_packet|can_level_bit:u_can_level_bit|stat
 11. Registers Removed During Synthesis
 12. Removed Registers Triggering Further Register Optimizations
 13. General Register Statistics
 14. Inverted Register Statistics
 15. Registers Packed Into Inferred Megafunctions
 16. Multiplexer Restructuring Statistics (Restructuring Performed)
 17. Source assignments for uart_tx:u_uart_tx|altsyncram:buffer_rtl_0|altsyncram_i2h1:auto_generated
 18. Source assignments for can_top:u_can_top|altsyncram:buffer_rtl_0|altsyncram_i5h1:auto_generated
 19. Parameter Settings for User Entity Instance: can_top:u_can_top
 20. Parameter Settings for User Entity Instance: can_top:u_can_top|can_level_packet:u_can_level_packet
 21. Parameter Settings for User Entity Instance: can_top:u_can_top|can_level_packet:u_can_level_packet|can_level_bit:u_can_level_bit
 22. Parameter Settings for User Entity Instance: uart_tx:u_uart_tx
 23. Parameter Settings for Inferred Entity Instance: uart_tx:u_uart_tx|altsyncram:buffer_rtl_0
 24. Parameter Settings for Inferred Entity Instance: can_top:u_can_top|altsyncram:buffer_rtl_0
 25. altsyncram Parameter Settings by Entity Instance
 26. Port Connectivity Checks: "uart_tx:u_uart_tx"
 27. Port Connectivity Checks: "can_top:u_can_top"
 28. Elapsed Time Per Partition
 29. Analysis & Synthesis Messages
 30. Analysis & Synthesis Suppressed Messages



----------------
; Legal Notice ;
----------------
Copyright (C) 1991-2013 Altera Corporation
Your use of Altera Corporation's design tools, logic functions 
and other software and tools, and its AMPP partner logic 
functions, and any output files from any of the foregoing 
(including device programming or simulation files), and any 
associated documentation or information are expressly subject 
to the terms and conditions of the Altera Program License 
Subscription Agreement, Altera MegaCore Function License 
Agreement, or other applicable license agreement, including, 
without limitation, that your use is for the sole purpose of 
programming logic devices manufactured by Altera and sold by 
Altera or its authorized distributors.  Please refer to the 
applicable agreement for further details.



+----------------------------------------------------------------------------------+
; Analysis & Synthesis Summary                                                     ;
+------------------------------------+---------------------------------------------+
; Analysis & Synthesis Status        ; Successful - Mon Jul 20 15:34:56 2026       ;
; Quartus II 64-Bit Version          ; 13.1.0 Build 162 10/23/2013 SJ Full Version ;
; Revision Name                      ; CAN                                         ;
; Top-level Entity Name              ; fpga_top                                    ;
; Family                             ; Cyclone IV E                                ;
; Total logic elements               ; 1,317                                       ;
;     Total combinational functions  ; 1,210                                       ;
;     Dedicated logic registers      ; 802                                         ;
; Total registers                    ; 802                                         ;
; Total pins                         ; 4                                           ;
; Total virtual pins                 ; 0                                           ;
; Total memory bits                  ; 73,728                                      ;
; Embedded Multiplier 9-bit elements ; 0                                           ;
; Total PLLs                         ; 0                                           ;
+------------------------------------+---------------------------------------------+


+----------------------------------------------------------------------------------------------------------------------+
; Analysis & Synthesis Settings                                                                                        ;
+----------------------------------------------------------------------------+--------------------+--------------------+
; Option                                                                     ; Setting            ; Default Value      ;
+----------------------------------------------------------------------------+--------------------+--------------------+
; Device                                                                     ; EP4CE6F17C8        ;                    ;
; Top-level entity name                                                      ; fpga_top           ; CAN                ;
; Family name                                                                ; Cyclone IV E       ; Cyclone IV GX      ;
; Use smart compilation                                                      ; Off                ; Off                ;
; Enable parallel Assembler and TimeQuest Timing Analyzer during compilation ; On                 ; On                 ;
; Enable compact report table                                                ; Off                ; Off                ;
; Restructure Multiplexers                                                   ; Auto               ; Auto               ;
; Create Debugging Nodes for IP Cores                                        ; Off                ; Off                ;
; Preserve fewer node names                                                  ; On                 ; On                 ;
; Disable OpenCore Plus hardware evaluation                                  ; Off                ; Off                ;
; Verilog Version                                                            ; Verilog_2001       ; Verilog_2001       ;
; VHDL Version                                                               ; VHDL_1993          ; VHDL_1993          ;
; State Machine Processing                                                   ; Auto               ; Auto               ;
; Safe State Machine                                                         ; Off                ; Off                ;
; Extract Verilog State Machines                                             ; On                 ; On                 ;
; Extract VHDL State Machines                                                ; On                 ; On                 ;
; Ignore Verilog initial constructs                                          ; Off                ; Off                ;
; Iteration limit for constant Verilog loops                                 ; 5000               ; 5000               ;
; Iteration limit for non-constant Verilog loops                             ; 250                ; 250                ;
; Add Pass-Through Logic to Inferred RAMs                                    ; On                 ; On                 ;
; Infer RAMs from Raw Logic                                                  ; On                 ; On                 ;
; Parallel Synthesis                                                         ; On                 ; On                 ;
; DSP Block Balancing                                                        ; Auto               ; Auto               ;
; NOT Gate Push-Back                                                         ; On                 ; On                 ;
; Power-Up Don't Care                                                        ; On                 ; On                 ;
; Remove Redundant Logic Cells                                               ; Off                ; Off                ;
; Remove Duplicate Registers                                                 ; On                 ; On                 ;
; Ignore CARRY Buffers                                                       ; Off                ; Off                ;
; Ignore CASCADE Buffers                                                     ; Off                ; Off                ;
; Ignore GLOBAL Buffers                                                      ; Off                ; Off                ;
; Ignore ROW GLOBAL Buffers                                                  ; Off                ; Off                ;
; Ignore LCELL Buffers                                                       ; Off                ; Off                ;
; Ignore SOFT Buffers                                                        ; On                 ; On                 ;
; Limit AHDL Integers to 32 Bits                                             ; Off                ; Off                ;
; Optimization Technique                                                     ; Balanced           ; Balanced           ;
; Carry Chain Length                                                         ; 70                 ; 70                 ;
; Auto Carry Chains                                                          ; On                 ; On                 ;
; Auto Open-Drain Pins                                                       ; On                 ; On                 ;
; Perform WYSIWYG Primitive Resynthesis                                      ; Off                ; Off                ;
; Auto ROM Replacement                                                       ; On                 ; On                 ;
; Auto RAM Replacement                                                       ; On                 ; On                 ;
; Auto DSP Block Replacement                                                 ; On                 ; On                 ;
; Auto Shift Register Replacement                                            ; Auto               ; Auto               ;
; Allow Shift Register Merging across Hierarchies                            ; Auto               ; Auto               ;
; Auto Clock Enable Replacement                                              ; On                 ; On                 ;
; Strict RAM Replacement                                                     ; Off                ; Off                ;
; Allow Synchronous Control Signals                                          ; On                 ; On                 ;
; Force Use of Synchronous Clear Signals                                     ; Off                ; Off                ;
; Auto RAM Block Balancing                                                   ; On                 ; On                 ;
; Auto RAM to Logic Cell Conversion                                          ; Off                ; Off                ;
; Auto Resource Sharing                                                      ; Off                ; Off                ;
; Allow Any RAM Size For Recognition                                         ; Off                ; Off                ;
; Allow Any ROM Size For Recognition                                         ; Off                ; Off                ;
; Allow Any Shift Register Size For Recognition                              ; Off                ; Off                ;
; Use LogicLock Constraints during Resource Balancing                        ; On                 ; On                 ;
; Ignore translate_off and synthesis_off directives                          ; Off                ; Off                ;
; Timing-Driven Synthesis                                                    ; On                 ; On                 ;
; Report Parameter Settings                                                  ; On                 ; On                 ;
; Report Source Assignments                                                  ; On                 ; On                 ;
; Report Connectivity Checks                                                 ; On                 ; On                 ;
; Ignore Maximum Fan-Out Assignments                                         ; Off                ; Off                ;
; Synchronization Register Chain Length                                      ; 2                  ; 2                  ;
; PowerPlay Power Optimization                                               ; Normal compilation ; Normal compilation ;
; HDL message level                                                          ; Level2             ; Level2             ;
; Suppress Register Optimization Related Messages                            ; Off                ; Off                ;
; Number of Removed Registers Reported in Synthesis Report                   ; 5000               ; 5000               ;
; Number of Swept Nodes Reported in Synthesis Report                         ; 5000               ; 5000               ;
; Number of Inverted Registers Reported in Synthesis Report                  ; 100                ; 100                ;
; Clock MUX Protection                                                       ; On                 ; On                 ;
; Auto Gated Clock Conversion                                                ; Off                ; Off                ;
; Block Design Naming                                                        ; Auto               ; Auto               ;
; SDC constraint protection                                                  ; Off                ; Off                ;
; Synthesis Effort                                                           ; Auto               ; Auto               ;
; Shift Register Replacement - Allow Asynchronous Clear Signal               ; On                 ; On                 ;
; Pre-Mapping Resynthesis Optimization                                       ; Off                ; Off                ;
; Analysis & Synthesis Message Level                                         ; Medium             ; Medium             ;
; Disable Register Merging Across Hierarchies                                ; Auto               ; Auto               ;
; Resource Aware Inference For Block RAM                                     ; On                 ; On                 ;
; Synthesis Seed                                                             ; 1                  ; 1                  ;
+----------------------------------------------------------------------------+--------------------+--------------------+


+------------------------------------------+
; Parallel Compilation                     ;
+----------------------------+-------------+
; Processors                 ; Number      ;
+----------------------------+-------------+
; Number detected on machine ; 20          ;
; Maximum allowed            ; 16          ;
;                            ;             ;
; Average used               ; 1.00        ;
; Maximum used               ; 8           ;
;                            ;             ;
; Usage by Processor         ; % Time Used ;
;     Processor 1            ; 100.0%      ;
;     Processors 2-8         ; < 0.1%      ;
;     Processors 9-20        ;   0.0%      ;
+----------------------------+-------------+


+--------------------------------------------------------------------------------------------------------------------------------------------------------------------+
; Analysis & Synthesis Source Files Read                                                                                                                             ;
+----------------------------------+-----------------+------------------------------+----------------------------------------------------------------------+---------+
; File Name with User-Entered Path ; Used in Netlist ; File Type                    ; File Name with Absolute Path                                         ; Library ;
+----------------------------------+-----------------+------------------------------+----------------------------------------------------------------------+---------+
; FPGA/uart_tx.v                   ; yes             ; User Verilog HDL File        ; D:/Project/FPGA/CAN_test2/FPGA/uart_tx.v                             ;         ;
; FPGA/fpga_top.v                  ; yes             ; User Verilog HDL File        ; D:/Project/FPGA/CAN_test2/FPGA/fpga_top.v                            ;         ;
; RTL/can_top.v                    ; yes             ; User Verilog HDL File        ; D:/Project/FPGA/CAN_test2/RTL/can_top.v                              ;         ;
; RTL/can_level_packet.v           ; yes             ; User Verilog HDL File        ; D:/Project/FPGA/CAN_test2/RTL/can_level_packet.v                     ;         ;
; RTL/can_level_bit.v              ; yes             ; User Verilog HDL File        ; D:/Project/FPGA/CAN_test2/RTL/can_level_bit.v                        ;         ;
; altsyncram.tdf                   ; yes             ; Megafunction                 ; d:/altera/13.1/quartus/libraries/megafunctions/altsyncram.tdf        ;         ;
; stratix_ram_block.inc            ; yes             ; Megafunction                 ; d:/altera/13.1/quartus/libraries/megafunctions/stratix_ram_block.inc ;         ;
; lpm_mux.inc                      ; yes             ; Megafunction                 ; d:/altera/13.1/quartus/libraries/megafunctions/lpm_mux.inc           ;         ;
; lpm_decode.inc                   ; yes             ; Megafunction                 ; d:/altera/13.1/quartus/libraries/megafunctions/lpm_decode.inc        ;         ;
; aglobal131.inc                   ; yes             ; Megafunction                 ; d:/altera/13.1/quartus/libraries/megafunctions/aglobal131.inc        ;         ;
; a_rdenreg.inc                    ; yes             ; Megafunction                 ; d:/altera/13.1/quartus/libraries/megafunctions/a_rdenreg.inc         ;         ;
; altrom.inc                       ; yes             ; Megafunction                 ; d:/altera/13.1/quartus/libraries/megafunctions/altrom.inc            ;         ;
; altram.inc                       ; yes             ; Megafunction                 ; d:/altera/13.1/quartus/libraries/megafunctions/altram.inc            ;         ;
; altdpram.inc                     ; yes             ; Megafunction                 ; d:/altera/13.1/quartus/libraries/megafunctions/altdpram.inc          ;         ;
; db/altsyncram_i2h1.tdf           ; yes             ; Auto-Generated Megafunction  ; D:/Project/FPGA/CAN_test2/db/altsyncram_i2h1.tdf                     ;         ;
; db/altsyncram_i5h1.tdf           ; yes             ; Auto-Generated Megafunction  ; D:/Project/FPGA/CAN_test2/db/altsyncram_i5h1.tdf                     ;         ;
+----------------------------------+-----------------+------------------------------+----------------------------------------------------------------------+---------+


+------------------------------------------------------------+
; Analysis & Synthesis Resource Usage Summary                ;
+---------------------------------------------+--------------+
; Resource                                    ; Usage        ;
+---------------------------------------------+--------------+
; Estimated Total logic elements              ; 1,317        ;
;                                             ;              ;
; Total combinational functions               ; 1210         ;
; Logic element usage by number of LUT inputs ;              ;
;     -- 4 input functions                    ; 414          ;
;     -- 3 input functions                    ; 235          ;
;     -- <=2 input functions                  ; 561          ;
;                                             ;              ;
; Logic elements by mode                      ;              ;
;     -- normal mode                          ; 742          ;
;     -- arithmetic mode                      ; 468          ;
;                                             ;              ;
; Total registers                             ; 802          ;
;     -- Dedicated logic registers            ; 802          ;
;     -- I/O registers                        ; 0            ;
;                                             ;              ;
; I/O pins                                    ; 4            ;
; Total memory bits                           ; 73728        ;
; Embedded Multiplier 9-bit elements          ; 0            ;
; Maximum fan-out node                        ; CLK50M~input ;
; Maximum fan-out                             ; 874          ;
; Total fan-out                               ; 8284         ;
; Average fan-out                             ; 3.96         ;
+---------------------------------------------+--------------+


+------------------------------------------------------------------------------------------------------------------------------------------------------------------------------------------------------------------------------------------------------------------------+
; Analysis & Synthesis Resource Utilization by Entity                                                                                                                                                                                                                    ;
+---------------------------------------------+-------------------+--------------+-------------+--------------+---------+-----------+------+--------------+-----------------------------------------------------------------------------------------------+--------------+
; Compilation Hierarchy Node                  ; LC Combinationals ; LC Registers ; Memory Bits ; DSP Elements ; DSP 9x9 ; DSP 18x18 ; Pins ; Virtual Pins ; Full Hierarchy Name                                                                           ; Library Name ;
+---------------------------------------------+-------------------+--------------+-------------+--------------+---------+-----------+------+--------------+-----------------------------------------------------------------------------------------------+--------------+
; |fpga_top                                   ; 1210 (345)        ; 802 (132)    ; 73728       ; 0            ; 0       ; 0         ; 4    ; 0            ; |fpga_top                                                                                     ; work         ;
;    |can_top:u_can_top|                      ; 714 (203)         ; 539 (238)    ; 64512       ; 0            ; 0       ; 0         ; 0    ; 0            ; |fpga_top|can_top:u_can_top                                                                   ; work         ;
;       |altsyncram:buffer_rtl_0|             ; 0 (0)             ; 0 (0)        ; 64512       ; 0            ; 0       ; 0         ; 0    ; 0            ; |fpga_top|can_top:u_can_top|altsyncram:buffer_rtl_0                                           ; work         ;
;          |altsyncram_i5h1:auto_generated|   ; 0 (0)             ; 0 (0)        ; 64512       ; 0            ; 0       ; 0         ; 0    ; 0            ; |fpga_top|can_top:u_can_top|altsyncram:buffer_rtl_0|altsyncram_i5h1:auto_generated            ; work         ;
;       |can_level_packet:u_can_level_packet| ; 511 (401)         ; 301 (255)    ; 0           ; 0            ; 0       ; 0         ; 0    ; 0            ; |fpga_top|can_top:u_can_top|can_level_packet:u_can_level_packet                               ; work         ;
;          |can_level_bit:u_can_level_bit|    ; 110 (110)         ; 46 (46)      ; 0           ; 0            ; 0       ; 0         ; 0    ; 0            ; |fpga_top|can_top:u_can_top|can_level_packet:u_can_level_packet|can_level_bit:u_can_level_bit ; work         ;
;    |uart_tx:u_uart_tx|                      ; 151 (151)         ; 131 (131)    ; 9216        ; 0            ; 0       ; 0         ; 0    ; 0            ; |fpga_top|uart_tx:u_uart_tx                                                                   ; work         ;
;       |altsyncram:buffer_rtl_0|             ; 0 (0)             ; 0 (0)        ; 9216        ; 0            ; 0       ; 0         ; 0    ; 0            ; |fpga_top|uart_tx:u_uart_tx|altsyncram:buffer_rtl_0                                           ; work         ;
;          |altsyncram_i2h1:auto_generated|   ; 0 (0)             ; 0 (0)        ; 9216        ; 0            ; 0       ; 0         ; 0    ; 0            ; |fpga_top|uart_tx:u_uart_tx|altsyncram:buffer_rtl_0|altsyncram_i2h1:auto_generated            ; work         ;
+---------------------------------------------+-------------------+--------------+-------------+--------------+---------+-----------+------+--------------+-----------------------------------------------------------------------------------------------+--------------+
Note: For table entries with two numbers listed, the numbers in parentheses indicate the number of resources of the given type used by the specific entity alone. The numbers listed outside of parentheses indicate the total resources of the given type used by the specific entity and all of its sub-entities in the hierarchy.


+------------------------------------------------------------------------------------------------------------------------------------------------------------------------------------------+
; Analysis & Synthesis RAM Summary                                                                                                                                                         ;
+-------------------------------------------------------------------------------------+------+------------------+--------------+--------------+--------------+--------------+-------+------+
; Name                                                                                ; Type ; Mode             ; Port A Depth ; Port A Width ; Port B Depth ; Port B Width ; Size  ; MIF  ;
+-------------------------------------------------------------------------------------+------+------------------+--------------+--------------+--------------+--------------+-------+------+
; can_top:u_can_top|altsyncram:buffer_rtl_0|altsyncram_i5h1:auto_generated|ALTSYNCRAM ; AUTO ; Simple Dual Port ; 1024         ; 63           ; 1024         ; 63           ; 64512 ; None ;
; uart_tx:u_uart_tx|altsyncram:buffer_rtl_0|altsyncram_i2h1:auto_generated|ALTSYNCRAM ; AUTO ; Simple Dual Port ; 1024         ; 9            ; 1024         ; 9            ; 9216  ; None ;
+-------------------------------------------------------------------------------------+------+------------------+--------------+--------------+--------------+--------------+-------+------+


Encoding Type:  One-Hot
+---------------------------------------------------------------------------------------------------------------------------------------------------------------------------------------------------------------------------------------------------------------------------------+
; State Machine - |fpga_top|can_top:u_can_top|can_level_packet:u_can_level_packet|stat                                                                                                                                                                                            ;
+-------------------+-------------+-------------+-------------+--------------+--------------+-------------------+-------------------+-----------------+-------------+-------------+-----------------+-----------------+------------------+----------------+-----------+-----------+
; Name              ; stat.RX_EOF ; stat.RX_ACK ; stat.RX_CRC ; stat.RX_DATA ; stat.RX_CTRL ; stat.RX_RESV1_BIT ; stat.RX_ID_EXTEND ; stat.RX_IDE_BIT ; stat.TX_EOF ; stat.TX_ACK ; stat.TX_ACK_DEL ; stat.TX_PAYLOAD ; stat.TRX_ID_BASE ; stat.TX_ID_MSB ; stat.IDLE ; stat.INIT ;
+-------------------+-------------+-------------+-------------+--------------+--------------+-------------------+-------------------+-----------------+-------------+-------------+-----------------+-----------------+------------------+----------------+-----------+-----------+
; stat.INIT         ; 0           ; 0           ; 0           ; 0            ; 0            ; 0                 ; 0                 ; 0               ; 0           ; 0           ; 0               ; 0               ; 0                ; 0              ; 0         ; 0         ;
; stat.IDLE         ; 0           ; 0           ; 0           ; 0            ; 0            ; 0                 ; 0                 ; 0               ; 0           ; 0           ; 0               ; 0               ; 0                ; 0              ; 1         ; 1         ;
; stat.TX_ID_MSB    ; 0           ; 0           ; 0           ; 0            ; 0            ; 0                 ; 0                 ; 0               ; 0           ; 0           ; 0               ; 0               ; 0                ; 1              ; 0         ; 1         ;
; stat.TRX_ID_BASE  ; 0           ; 0           ; 0           ; 0            ; 0            ; 0                 ; 0                 ; 0               ; 0           ; 0           ; 0               ; 0               ; 1                ; 0              ; 0         ; 1         ;
; stat.TX_PAYLOAD   ; 0           ; 0           ; 0           ; 0            ; 0            ; 0                 ; 0                 ; 0               ; 0           ; 0           ; 0               ; 1               ; 0                ; 0              ; 0         ; 1         ;
; stat.TX_ACK_DEL   ; 0           ; 0           ; 0           ; 0            ; 0            ; 0                 ; 0                 ; 0               ; 0           ; 0           ; 1               ; 0               ; 0                ; 0              ; 0         ; 1         ;
; stat.TX_ACK       ; 0           ; 0           ; 0           ; 0            ; 0            ; 0                 ; 0                 ; 0               ; 0           ; 1           ; 0               ; 0               ; 0                ; 0              ; 0         ; 1         ;
; stat.TX_EOF       ; 0           ; 0           ; 0           ; 0            ; 0            ; 0                 ; 0                 ; 0               ; 1           ; 0           ; 0               ; 0               ; 0                ; 0              ; 0         ; 1         ;
; stat.RX_IDE_BIT   ; 0           ; 0           ; 0           ; 0            ; 0            ; 0                 ; 0                 ; 1               ; 0           ; 0           ; 0               ; 0               ; 0                ; 0              ; 0         ; 1         ;
; stat.RX_ID_EXTEND ; 0           ; 0           ; 0           ; 0            ; 0            ; 0                 ; 1                 ; 0               ; 0           ; 0           ; 0               ; 0               ; 0                ; 0              ; 0         ; 1         ;
; stat.RX_RESV1_BIT ; 0           ; 0           ; 0           ; 0            ; 0            ; 1                 ; 0                 ; 0               ; 0           ; 0           ; 0               ; 0               ; 0                ; 0              ; 0         ; 1         ;
; stat.RX_CTRL      ; 0           ; 0           ; 0           ; 0            ; 1            ; 0                 ; 0                 ; 0               ; 0           ; 0           ; 0               ; 0               ; 0                ; 0              ; 0         ; 1         ;
; stat.RX_DATA      ; 0           ; 0           ; 0           ; 1            ; 0            ; 0                 ; 0                 ; 0               ; 0           ; 0           ; 0               ; 0               ; 0                ; 0              ; 0         ; 1         ;
; stat.RX_CRC       ; 0           ; 0           ; 1           ; 0            ; 0            ; 0                 ; 0                 ; 0               ; 0           ; 0           ; 0               ; 0               ; 0                ; 0              ; 0         ; 1         ;
; stat.RX_ACK       ; 0           ; 1           ; 0           ; 0            ; 0            ; 0                 ; 0                 ; 0               ; 0           ; 0           ; 0               ; 0               ; 0                ; 0              ; 0         ; 1         ;
; stat.RX_EOF       ; 1           ; 0           ; 0           ; 0            ; 0            ; 0                 ; 0                 ; 0               ; 0           ; 0           ; 0               ; 0               ; 0                ; 0              ; 0         ; 1         ;
+-------------------+-------------+-------------+-------------+--------------+--------------+-------------------+-------------------+-----------------+-------------+-------------+-----------------+-----------------+------------------+----------------+-----------+-----------+


Encoding Type:  One-Hot
+--------------------------------------------------------------------------------------------------------------------+
; State Machine - |fpga_top|can_top:u_can_top|can_level_packet:u_can_level_packet|can_level_bit:u_can_level_bit|stat ;
+----------------+---------------+----------------+------------------------------------------------------------------+
; Name           ; stat.STAT_PTS ; stat.STAT_PBS2 ; stat.STAT_PBS1                                                   ;
+----------------+---------------+----------------+------------------------------------------------------------------+
; stat.STAT_PTS  ; 0             ; 0              ; 0                                                                ;
; stat.STAT_PBS1 ; 1             ; 0              ; 1                                                                ;
; stat.STAT_PBS2 ; 1             ; 1              ; 0                                                                ;
+----------------+---------------+----------------+------------------------------------------------------------------+


+--------------------------------------------------------------------------------------------------------+
; Registers Removed During Synthesis                                                                     ;
+---------------------------------------------------------------+----------------------------------------+
; Register name                                                 ; Reason for Removal                     ;
+---------------------------------------------------------------+----------------------------------------+
; can_top:u_can_top|rddata[0]                                   ; Stuck at GND due to stuck port data_in ;
; can_top:u_can_top|keepdata[0]                                 ; Stuck at GND due to stuck port data_in ;
; can_top:u_can_top|pkt_tx_data[0]                              ; Stuck at GND due to stuck port data_in ;
; uart_tx:u_uart_tx|byte_p_en                                   ; Stuck at GND due to stuck port data_in ;
; uart_tx:u_uart_tx|byte_t_en                                   ; Stuck at GND due to stuck port data_in ;
; can_top:u_can_top|can_level_packet:u_can_level_packet|stat~20 ; Lost fanout                            ;
; can_top:u_can_top|can_level_packet:u_can_level_packet|stat~21 ; Lost fanout                            ;
; can_top:u_can_top|can_level_packet:u_can_level_packet|stat~22 ; Lost fanout                            ;
; can_top:u_can_top|can_level_packet:u_can_level_packet|stat~23 ; Lost fanout                            ;
; Total Number of Removed Registers = 9                         ;                                        ;
+---------------------------------------------------------------+----------------------------------------+


+---------------------------------------------------------------------------------------------------------------------------+
; Removed Registers Triggering Further Register Optimizations                                                               ;
+-----------------------------+---------------------------+-----------------------------------------------------------------+
; Register name               ; Reason for Removal        ; Registers Removed due to This Register                          ;
+-----------------------------+---------------------------+-----------------------------------------------------------------+
; can_top:u_can_top|rddata[0] ; Stuck at GND              ; can_top:u_can_top|keepdata[0], can_top:u_can_top|pkt_tx_data[0] ;
;                             ; due to stuck port data_in ;                                                                 ;
+-----------------------------+---------------------------+-----------------------------------------------------------------+


+------------------------------------------------------+
; General Register Statistics                          ;
+----------------------------------------------+-------+
; Statistic                                    ; Value ;
+----------------------------------------------+-------+
; Total registers                              ; 802   ;
; Number of registers using Synchronous Clear  ; 120   ;
; Number of registers using Synchronous Load   ; 50    ;
; Number of registers using Asynchronous Clear ; 798   ;
; Number of registers using Asynchronous Load  ; 0     ;
; Number of registers using Clock Enable       ; 544   ;
; Number of registers using Preset             ; 0     ;
+----------------------------------------------+-------+


+------------------------------------------------------------------------------------------------------+
; Inverted Register Statistics                                                                         ;
+--------------------------------------------------------------------------------------------+---------+
; Inverted Register                                                                          ; Fan out ;
+--------------------------------------------------------------------------------------------+---------+
; uart_tx:u_uart_tx|cycle[0]                                                                 ; 1       ;
; uart_tx:u_uart_tx|o_uart_tx                                                                ; 1       ;
; can_top:u_can_top|can_level_packet:u_can_level_packet|can_level_bit:u_can_level_bit|can_tx ; 2       ;
; uart_tx:u_uart_tx|state[0]                                                                 ; 24      ;
; can_top:u_can_top|can_level_packet:u_can_level_packet|bit_tx                               ; 14      ;
; can_top:u_can_top|can_level_packet:u_can_level_packet|can_level_bit:u_can_level_bit|cnt[0] ; 6       ;
; can_top:u_can_top|can_level_packet:u_can_level_packet|can_level_bit:u_can_level_bit|rx_buf ; 5       ;
; can_top:u_can_top|can_level_packet:u_can_level_packet|tx_history[0]                        ; 5       ;
; can_top:u_can_top|can_level_packet:u_can_level_packet|tx_history[3]                        ; 2       ;
; can_top:u_can_top|can_level_packet:u_can_level_packet|tx_history[2]                        ; 3       ;
; can_top:u_can_top|can_level_packet:u_can_level_packet|tx_history[1]                        ; 3       ;
; can_top:u_can_top|can_level_packet:u_can_level_packet|tx_shift[81]                         ; 17      ;
; can_top:u_can_top|can_level_packet:u_can_level_packet|can_level_bit:u_can_level_bit|rbit   ; 34      ;
; can_top:u_can_top|can_level_packet:u_can_level_packet|tx_shift[80]                         ; 1       ;
; can_top:u_can_top|can_level_packet:u_can_level_packet|tx_shift[79]                         ; 1       ;
; can_top:u_can_top|can_level_packet:u_can_level_packet|tx_shift[78]                         ; 1       ;
; can_top:u_can_top|can_level_packet:u_can_level_packet|tx_shift[77]                         ; 1       ;
; can_top:u_can_top|can_level_packet:u_can_level_packet|tx_shift[76]                         ; 1       ;
; can_top:u_can_top|can_level_packet:u_can_level_packet|tx_shift[75]                         ; 1       ;
; can_top:u_can_top|can_level_packet:u_can_level_packet|tx_shift[74]                         ; 1       ;
; can_top:u_can_top|can_level_packet:u_can_level_packet|tx_shift[73]                         ; 1       ;
; can_top:u_can_top|can_level_packet:u_can_level_packet|tx_shift[72]                         ; 1       ;
; can_top:u_can_top|can_level_packet:u_can_level_packet|tx_shift[71]                         ; 1       ;
; can_top:u_can_top|can_level_packet:u_can_level_packet|tx_shift[70]                         ; 1       ;
; can_top:u_can_top|can_level_packet:u_can_level_packet|tx_shift[69]                         ; 1       ;
; can_top:u_can_top|can_level_packet:u_can_level_packet|tx_shift[68]                         ; 1       ;
; can_top:u_can_top|can_level_packet:u_can_level_packet|tx_shift[67]                         ; 1       ;
; can_top:u_can_top|can_level_packet:u_can_level_packet|tx_shift[66]                         ; 1       ;
; can_top:u_can_top|can_level_packet:u_can_level_packet|tx_shift[65]                         ; 1       ;
; can_top:u_can_top|can_level_packet:u_can_level_packet|tx_shift[64]                         ; 1       ;
; can_top:u_can_top|can_level_packet:u_can_level_packet|tx_shift[63]                         ; 1       ;
; can_top:u_can_top|can_level_packet:u_can_level_packet|tx_shift[62]                         ; 1       ;
; can_top:u_can_top|can_level_packet:u_can_level_packet|tx_shift[61]                         ; 1       ;
; can_top:u_can_top|can_level_packet:u_can_level_packet|tx_shift[60]                         ; 1       ;
; can_top:u_can_top|can_level_packet:u_can_level_packet|tx_shift[59]                         ; 1       ;
; can_top:u_can_top|can_level_packet:u_can_level_packet|tx_shift[58]                         ; 1       ;
; can_top:u_can_top|can_level_packet:u_can_level_packet|tx_shift[57]                         ; 1       ;
; can_top:u_can_top|can_level_packet:u_can_level_packet|tx_shift[56]                         ; 1       ;
; can_top:u_can_top|can_level_packet:u_can_level_packet|tx_shift[55]                         ; 1       ;
; can_top:u_can_top|can_level_packet:u_can_level_packet|tx_shift[54]                         ; 1       ;
; can_top:u_can_top|can_level_packet:u_can_level_packet|tx_shift[53]                         ; 1       ;
; can_top:u_can_top|can_level_packet:u_can_level_packet|tx_shift[52]                         ; 1       ;
; can_top:u_can_top|can_level_packet:u_can_level_packet|tx_shift[51]                         ; 1       ;
; can_top:u_can_top|can_level_packet:u_can_level_packet|tx_shift[50]                         ; 1       ;
; can_top:u_can_top|can_level_packet:u_can_level_packet|tx_shift[49]                         ; 1       ;
; can_top:u_can_top|can_level_packet:u_can_level_packet|tx_shift[48]                         ; 1       ;
; can_top:u_can_top|can_level_packet:u_can_level_packet|tx_shift[47]                         ; 1       ;
; can_top:u_can_top|can_level_packet:u_can_level_packet|tx_shift[46]                         ; 1       ;
; can_top:u_can_top|can_level_packet:u_can_level_packet|tx_shift[45]                         ; 1       ;
; can_top:u_can_top|can_level_packet:u_can_level_packet|tx_shift[44]                         ; 1       ;
; can_top:u_can_top|can_level_packet:u_can_level_packet|tx_shift[43]                         ; 1       ;
; can_top:u_can_top|can_level_packet:u_can_level_packet|tx_shift[42]                         ; 1       ;
; can_top:u_can_top|can_level_packet:u_can_level_packet|tx_shift[41]                         ; 1       ;
; can_top:u_can_top|can_level_packet:u_can_level_packet|tx_shift[40]                         ; 1       ;
; can_top:u_can_top|can_level_packet:u_can_level_packet|tx_shift[39]                         ; 1       ;
; can_top:u_can_top|can_level_packet:u_can_level_packet|tx_shift[38]                         ; 1       ;
; can_top:u_can_top|can_level_packet:u_can_level_packet|tx_shift[37]                         ; 1       ;
; can_top:u_can_top|can_level_packet:u_can_level_packet|tx_shift[36]                         ; 1       ;
; can_top:u_can_top|can_level_packet:u_can_level_packet|tx_shift[35]                         ; 1       ;
; can_top:u_can_top|can_level_packet:u_can_level_packet|tx_shift[34]                         ; 1       ;
; can_top:u_can_top|can_level_packet:u_can_level_packet|tx_shift[33]                         ; 1       ;
; can_top:u_can_top|can_level_packet:u_can_level_packet|tx_shift[32]                         ; 1       ;
; can_top:u_can_top|can_level_packet:u_can_level_packet|tx_shift[31]                         ; 1       ;
; can_top:u_can_top|can_level_packet:u_can_level_packet|tx_shift[30]                         ; 1       ;
; can_top:u_can_top|can_level_packet:u_can_level_packet|tx_shift[29]                         ; 1       ;
; can_top:u_can_top|can_level_packet:u_can_level_packet|tx_shift[28]                         ; 1       ;
; can_top:u_can_top|can_level_packet:u_can_level_packet|tx_shift[27]                         ; 1       ;
; can_top:u_can_top|can_level_packet:u_can_level_packet|tx_shift[26]                         ; 1       ;
; can_top:u_can_top|can_level_packet:u_can_level_packet|tx_shift[25]                         ; 1       ;
; can_top:u_can_top|can_level_packet:u_can_level_packet|tx_shift[24]                         ; 1       ;
; can_top:u_can_top|can_level_packet:u_can_level_packet|tx_shift[23]                         ; 1       ;
; can_top:u_can_top|can_level_packet:u_can_level_packet|tx_shift[22]                         ; 1       ;
; can_top:u_can_top|can_level_packet:u_can_level_packet|tx_shift[21]                         ; 1       ;
; can_top:u_can_top|can_level_packet:u_can_level_packet|tx_shift[20]                         ; 1       ;
; can_top:u_can_top|can_level_packet:u_can_level_packet|tx_shift[19]                         ; 1       ;
; can_top:u_can_top|can_level_packet:u_can_level_packet|tx_shift[18]                         ; 1       ;
; can_top:u_can_top|can_level_packet:u_can_level_packet|tx_shift[17]                         ; 1       ;
; can_top:u_can_top|can_level_packet:u_can_level_packet|tx_shift[16]                         ; 1       ;
; can_top:u_can_top|can_level_packet:u_can_level_packet|tx_shift[15]                         ; 1       ;
; can_top:u_can_top|can_level_packet:u_can_level_packet|tx_shift[14]                         ; 1       ;
; can_top:u_can_top|can_level_packet:u_can_level_packet|tx_shift[13]                         ; 1       ;
; can_top:u_can_top|can_level_packet:u_can_level_packet|tx_shift[12]                         ; 1       ;
; can_top:u_can_top|can_level_packet:u_can_level_packet|tx_shift[11]                         ; 1       ;
; can_top:u_can_top|can_level_packet:u_can_level_packet|tx_shift[10]                         ; 1       ;
; can_top:u_can_top|can_level_packet:u_can_level_packet|tx_shift[9]                          ; 1       ;
; can_top:u_can_top|can_level_packet:u_can_level_packet|tx_shift[8]                          ; 1       ;
; can_top:u_can_top|can_level_packet:u_can_level_packet|tx_shift[7]                          ; 1       ;
; can_top:u_can_top|can_level_packet:u_can_level_packet|tx_shift[6]                          ; 1       ;
; can_top:u_can_top|can_level_packet:u_can_level_packet|tx_shift[5]                          ; 1       ;
; can_top:u_can_top|can_level_packet:u_can_level_packet|tx_shift[4]                          ; 1       ;
; can_top:u_can_top|can_level_packet:u_can_level_packet|tx_shift[3]                          ; 1       ;
; can_top:u_can_top|can_level_packet:u_can_level_packet|tx_shift[2]                          ; 1       ;
; can_top:u_can_top|can_level_packet:u_can_level_packet|tx_shift[1]                          ; 1       ;
; can_top:u_can_top|can_level_packet:u_can_level_packet|tx_shift[0]                          ; 2       ;
; Total number of inverted registers = 94                                                    ;         ;
+--------------------------------------------------------------------------------------------+---------+


+-------------------------------------------------------------------------+
; Registers Packed Into Inferred Megafunctions                            ;
+---------------------------------+--------------------------------+------+
; Register Name                   ; Megafunction                   ; Type ;
+---------------------------------+--------------------------------+------+
; uart_tx:u_uart_tx|f_tdata[0..7] ; uart_tx:u_uart_tx|buffer_rtl_0 ; RAM  ;
; uart_tx:u_uart_tx|f_tkeep[0]    ; uart_tx:u_uart_tx|buffer_rtl_0 ; RAM  ;
; can_top:u_can_top|rddata[1..63] ; can_top:u_can_top|buffer_rtl_0 ; RAM  ;
+---------------------------------+--------------------------------+------+


+-------------------------------------------------------------------------------------------------------------------------------------------------------------------------------------------------------------------------------+
; Multiplexer Restructuring Statistics (Restructuring Performed)                                                                                                                                                                ;
+--------------------+-----------+---------------+----------------------+------------------------+------------+-----------------------------------------------------------------------------------------------------------------+
; Multiplexer Inputs ; Bus Width ; Baseline Area ; Area if Restructured ; Saving if Restructured ; Registered ; Example Multiplexer Output                                                                                      ;
+--------------------+-----------+---------------+----------------------+------------------------+------------+-----------------------------------------------------------------------------------------------------------------+
; 3:1                ; 31 bits   ; 62 LEs        ; 31 LEs               ; 31 LEs                 ; Yes        ; |fpga_top|uart_tx:u_uart_tx|cycle[22]                                                                           ;
; 3:1                ; 8 bits    ; 16 LEs        ; 8 LEs                ; 8 LEs                  ; Yes        ; |fpga_top|can_top:u_can_top|r_data[7]                                                                           ;
; 3:1                ; 56 bits   ; 112 LEs       ; 56 LEs               ; 56 LEs                 ; Yes        ; |fpga_top|can_top:u_can_top|r_data[27]                                                                          ;
; 3:1                ; 3 bits    ; 6 LEs         ; 3 LEs                ; 3 LEs                  ; Yes        ; |fpga_top|can_top:u_can_top|can_level_packet:u_can_level_packet|can_level_bit:u_can_level_bit|cnt_high[1]       ;
; 4:1                ; 2 bits    ; 4 LEs         ; 2 LEs                ; 2 LEs                  ; Yes        ; |fpga_top|can_top:u_can_top|t_retry_cnt[1]                                                                      ;
; 4:1                ; 32 bits   ; 64 LEs        ; 32 LEs               ; 32 LEs                 ; Yes        ; |fpga_top|uart_tx:u_uart_tx|txcnt[27]                                                                           ;
; 6:1                ; 2 bits    ; 8 LEs         ; 2 LEs                ; 6 LEs                  ; Yes        ; |fpga_top|can_top:u_can_top|can_level_packet:u_can_level_packet|can_level_bit:u_can_level_bit|adjust_c_PBS1[0]  ;
; 6:1                ; 15 bits   ; 60 LEs        ; 15 LEs               ; 45 LEs                 ; Yes        ; |fpga_top|can_top:u_can_top|can_level_packet:u_can_level_packet|can_level_bit:u_can_level_bit|adjust_c_PBS1[13] ;
; 7:1                ; 4 bits    ; 16 LEs        ; 4 LEs                ; 12 LEs                 ; Yes        ; |fpga_top|can_top:u_can_top|r_cnt[3]                                                                            ;
; 7:1                ; 16 bits   ; 64 LEs        ; 16 LEs               ; 48 LEs                 ; Yes        ; |fpga_top|can_top:u_can_top|can_level_packet:u_can_level_packet|can_level_bit:u_can_level_bit|cnt[13]           ;
; 8:1                ; 15 bits   ; 75 LEs        ; 15 LEs               ; 60 LEs                 ; Yes        ; |fpga_top|can_top:u_can_top|can_level_packet:u_can_level_packet|tx_crc[10]                                      ;
; 12:1               ; 29 bits   ; 232 LEs       ; 29 LEs               ; 203 LEs                ; Yes        ; |fpga_top|can_top:u_can_top|can_level_packet:u_can_level_packet|rx_id[19]                                       ;
; 6:1                ; 15 bits   ; 60 LEs        ; 15 LEs               ; 45 LEs                 ; Yes        ; |fpga_top|can_top:u_can_top|can_level_packet:u_can_level_packet|rx_crc[3]                                       ;
; 39:1               ; 8 bits    ; 208 LEs       ; 8 LEs                ; 200 LEs                ; Yes        ; |fpga_top|can_top:u_can_top|can_level_packet:u_can_level_packet|cnt[1]                                          ;
; 8:1                ; 3 bits    ; 15 LEs        ; 3 LEs                ; 12 LEs                 ; Yes        ; |fpga_top|can_top:u_can_top|can_level_packet:u_can_level_packet|tx_shift[64]                                    ;
; 8:1                ; 63 bits   ; 315 LEs       ; 63 LEs               ; 252 LEs                ; Yes        ; |fpga_top|can_top:u_can_top|can_level_packet:u_can_level_packet|tx_shift[43]                                    ;
; 11:1               ; 15 bits   ; 105 LEs       ; 30 LEs               ; 75 LEs                 ; Yes        ; |fpga_top|can_top:u_can_top|can_level_packet:u_can_level_packet|tx_shift[71]                                    ;
; 4:1                ; 2 bits    ; 4 LEs         ; 2 LEs                ; 2 LEs                  ; No         ; |fpga_top|uart_tx:u_uart_tx|txbits                                                                              ;
; 4:1                ; 8 bits    ; 16 LEs        ; 16 LEs               ; 0 LEs                  ; No         ; |fpga_top|uart_tx:u_uart_tx|txbits                                                                              ;
; 4:1                ; 69 bits   ; 138 LEs       ; 69 LEs               ; 69 LEs                 ; No         ; |fpga_top|can_top:u_can_top|can_level_packet:u_can_level_packet|rx_data                                         ;
; 7:1                ; 3 bits    ; 12 LEs        ; 9 LEs                ; 3 LEs                  ; No         ; |fpga_top|can_top:u_can_top|can_level_packet:u_can_level_packet|can_level_bit:u_can_level_bit|stat              ;
; 46:1               ; 8 bits    ; 240 LEs       ; 112 LEs              ; 128 LEs                ; No         ; |fpga_top|can_top:u_can_top|can_level_packet:u_can_level_packet|stat                                            ;
; 46:1               ; 2 bits    ; 60 LEs        ; 8 LEs                ; 52 LEs                 ; No         ; |fpga_top|can_top:u_can_top|can_level_packet:u_can_level_packet|stat                                            ;
+--------------------+-----------+---------------+----------------------+------------------------+------------+-----------------------------------------------------------------------------------------------------------------+


+-------------------------------------------------------------------------------------------------+
; Source assignments for uart_tx:u_uart_tx|altsyncram:buffer_rtl_0|altsyncram_i2h1:auto_generated ;
+---------------------------------+--------------------+------+-----------------------------------+
; Assignment                      ; Value              ; From ; To                                ;
+---------------------------------+--------------------+------+-----------------------------------+
; OPTIMIZE_POWER_DURING_SYNTHESIS ; NORMAL_COMPILATION ; -    ; -                                 ;
+---------------------------------+--------------------+------+-----------------------------------+


+-------------------------------------------------------------------------------------------------+
; Source assignments for can_top:u_can_top|altsyncram:buffer_rtl_0|altsyncram_i5h1:auto_generated ;
+---------------------------------+--------------------+------+-----------------------------------+
; Assignment                      ; Value              ; From ; To                                ;
+---------------------------------+--------------------+------+-----------------------------------+
; OPTIMIZE_POWER_DURING_SYNTHESIS ; NORMAL_COMPILATION ; -    ; -                                 ;
+---------------------------------+--------------------+------+-----------------------------------+


+----------------------------------------------------------------------+
; Parameter Settings for User Entity Instance: can_top:u_can_top       ;
+--------------------+-------------------------------+-----------------+
; Parameter Name     ; Value                         ; Type            ;
+--------------------+-------------------------------+-----------------+
; LOCAL_ID           ; 10001010110                   ; Unsigned Binary ;
; RX_ID_SHORT_FILTER ; 00100100011                   ; Unsigned Binary ;
; RX_ID_SHORT_MASK   ; 11111111111                   ; Unsigned Binary ;
; RX_ID_LONG_FILTER  ; 10010001101000101011001111000 ; Unsigned Binary ;
; RX_ID_LONG_MASK    ; 11111111111111111111111111111 ; Unsigned Binary ;
; default_c_PTS      ; 0000000000100010              ; Unsigned Binary ;
; default_c_PBS1     ; 0000000000000101              ; Unsigned Binary ;
; default_c_PBS2     ; 0000000000001010              ; Unsigned Binary ;
+--------------------+-------------------------------+-----------------+
Note: In order to hide this table in the UI and the text report file, please set the "Show Parameter Settings in Synthesis Report" option in "Analysis and Synthesis Settings -> More Settings" to "Off".


+----------------------------------------------------------------------------------------------------+
; Parameter Settings for User Entity Instance: can_top:u_can_top|can_level_packet:u_can_level_packet ;
+----------------+------------------+----------------------------------------------------------------+
; Parameter Name ; Value            ; Type                                                           ;
+----------------+------------------+----------------------------------------------------------------+
; TX_RTR         ; 0                ; Unsigned Binary                                                ;
; TX_ID          ; 10001010110      ; Unsigned Binary                                                ;
; default_c_PTS  ; 0000000000100010 ; Unsigned Binary                                                ;
; default_c_PBS1 ; 0000000000000101 ; Unsigned Binary                                                ;
; default_c_PBS2 ; 0000000000001010 ; Unsigned Binary                                                ;
+----------------+------------------+----------------------------------------------------------------+
Note: In order to hide this table in the UI and the text report file, please set the "Show Parameter Settings in Synthesis Report" option in "Analysis and Synthesis Settings -> More Settings" to "Off".


+----------------------------------------------------------------------------------------------------------------------------------+
; Parameter Settings for User Entity Instance: can_top:u_can_top|can_level_packet:u_can_level_packet|can_level_bit:u_can_level_bit ;
+----------------+------------------+----------------------------------------------------------------------------------------------+
; Parameter Name ; Value            ; Type                                                                                         ;
+----------------+------------------+----------------------------------------------------------------------------------------------+
; default_c_PTS  ; 0000000000100010 ; Unsigned Binary                                                                              ;
; default_c_PBS1 ; 0000000000000101 ; Unsigned Binary                                                                              ;
; default_c_PBS2 ; 0000000000001010 ; Unsigned Binary                                                                              ;
+----------------+------------------+----------------------------------------------------------------------------------------------+
Note: In order to hide this table in the UI and the text report file, please set the "Show Parameter Settings in Synthesis Report" option in "Analysis and Synthesis Settings -> More Settings" to "Off".


+----------------------------------------------------------------+
; Parameter Settings for User Entity Instance: uart_tx:u_uart_tx ;
+---------------------------+----------+-------------------------+
; Parameter Name            ; Value    ; Type                    ;
+---------------------------+----------+-------------------------+
; CLK_FREQ                  ; 50000000 ; Signed Integer          ;
; BAUD_RATE                 ; 115200   ; Signed Integer          ;
; PARITY                    ; NONE     ; String                  ;
; STOP_BITS                 ; 3        ; Signed Integer          ;
; BYTE_WIDTH                ; 1        ; Signed Integer          ;
; FIFO_EA                   ; 10       ; Signed Integer          ;
; EXTRA_BYTE_AFTER_TRANSFER ;          ; String                  ;
; EXTRA_BYTE_AFTER_PACKET   ;          ; String                  ;
+---------------------------+----------+-------------------------+
Note: In order to hide this table in the UI and the text report file, please set the "Show Parameter Settings in Synthesis Report" option in "Analysis and Synthesis Settings -> More Settings" to "Off".


+--------------------------------------------------------------------------------------------+
; Parameter Settings for Inferred Entity Instance: uart_tx:u_uart_tx|altsyncram:buffer_rtl_0 ;
+------------------------------------+----------------------+--------------------------------+
; Parameter Name                     ; Value                ; Type                           ;
+------------------------------------+----------------------+--------------------------------+
; BYTE_SIZE_BLOCK                    ; 8                    ; Untyped                        ;
; AUTO_CARRY_CHAINS                  ; ON                   ; AUTO_CARRY                     ;
; IGNORE_CARRY_BUFFERS               ; OFF                  ; IGNORE_CARRY                   ;
; AUTO_CASCADE_CHAINS                ; ON                   ; AUTO_CASCADE                   ;
; IGNORE_CASCADE_BUFFERS             ; OFF                  ; IGNORE_CASCADE                 ;
; WIDTH_BYTEENA                      ; 1                    ; Untyped                        ;
; OPERATION_MODE                     ; DUAL_PORT            ; Untyped                        ;
; WIDTH_A                            ; 9                    ; Untyped                        ;
; WIDTHAD_A                          ; 10                   ; Untyped                        ;
; NUMWORDS_A                         ; 1024                 ; Untyped                        ;
; OUTDATA_REG_A                      ; UNREGISTERED         ; Untyped                        ;
; ADDRESS_ACLR_A                     ; NONE                 ; Untyped                        ;
; OUTDATA_ACLR_A                     ; NONE                 ; Untyped                        ;
; WRCONTROL_ACLR_A                   ; NONE                 ; Untyped                        ;
; INDATA_ACLR_A                      ; NONE                 ; Untyped                        ;
; BYTEENA_ACLR_A                     ; NONE                 ; Untyped                        ;
; WIDTH_B                            ; 9                    ; Untyped                        ;
; WIDTHAD_B                          ; 10                   ; Untyped                        ;
; NUMWORDS_B                         ; 1024                 ; Untyped                        ;
; INDATA_REG_B                       ; CLOCK1               ; Untyped                        ;
; WRCONTROL_WRADDRESS_REG_B          ; CLOCK1               ; Untyped                        ;
; RDCONTROL_REG_B                    ; CLOCK1               ; Untyped                        ;
; ADDRESS_REG_B                      ; CLOCK0               ; Untyped                        ;
; OUTDATA_REG_B                      ; UNREGISTERED         ; Untyped                        ;
; BYTEENA_REG_B                      ; CLOCK1               ; Untyped                        ;
; INDATA_ACLR_B                      ; NONE                 ; Untyped                        ;
; WRCONTROL_ACLR_B                   ; NONE                 ; Untyped                        ;
; ADDRESS_ACLR_B                     ; NONE                 ; Untyped                        ;
; OUTDATA_ACLR_B                     ; NONE                 ; Untyped                        ;
; RDCONTROL_ACLR_B                   ; NONE                 ; Untyped                        ;
; BYTEENA_ACLR_B                     ; NONE                 ; Untyped                        ;
; WIDTH_BYTEENA_A                    ; 1                    ; Untyped                        ;
; WIDTH_BYTEENA_B                    ; 1                    ; Untyped                        ;
; RAM_BLOCK_TYPE                     ; AUTO                 ; Untyped                        ;
; BYTE_SIZE                          ; 8                    ; Untyped                        ;
; READ_DURING_WRITE_MODE_MIXED_PORTS ; OLD_DATA             ; Untyped                        ;
; READ_DURING_WRITE_MODE_PORT_A      ; NEW_DATA_NO_NBE_READ ; Untyped                        ;
; READ_DURING_WRITE_MODE_PORT_B      ; NEW_DATA_NO_NBE_READ ; Untyped                        ;
; INIT_FILE                          ; UNUSED               ; Untyped                        ;
; INIT_FILE_LAYOUT                   ; PORT_A               ; Untyped                        ;
; MAXIMUM_DEPTH                      ; 0                    ; Untyped                        ;
; CLOCK_ENABLE_INPUT_A               ; NORMAL               ; Untyped                        ;
; CLOCK_ENABLE_INPUT_B               ; NORMAL               ; Untyped                        ;
; CLOCK_ENABLE_OUTPUT_A              ; NORMAL               ; Untyped                        ;
; CLOCK_ENABLE_OUTPUT_B              ; NORMAL               ; Untyped                        ;
; CLOCK_ENABLE_CORE_A                ; USE_INPUT_CLKEN      ; Untyped                        ;
; CLOCK_ENABLE_CORE_B                ; USE_INPUT_CLKEN      ; Untyped                        ;
; ENABLE_ECC                         ; FALSE                ; Untyped                        ;
; ECC_PIPELINE_STAGE_ENABLED         ; FALSE                ; Untyped                        ;
; WIDTH_ECCSTATUS                    ; 3                    ; Untyped                        ;
; DEVICE_FAMILY                      ; Cyclone IV E         ; Untyped                        ;
; CBXI_PARAMETER                     ; altsyncram_i2h1      ; Untyped                        ;
+------------------------------------+----------------------+--------------------------------+
Note: In order to hide this table in the UI and the text report file, please set the "Show Parameter Settings in Synthesis Report" option in "Analysis and Synthesis Settings -> More Settings" to "Off".


+--------------------------------------------------------------------------------------------+
; Parameter Settings for Inferred Entity Instance: can_top:u_can_top|altsyncram:buffer_rtl_0 ;
+------------------------------------+----------------------+--------------------------------+
; Parameter Name                     ; Value                ; Type                           ;
+------------------------------------+----------------------+--------------------------------+
; BYTE_SIZE_BLOCK                    ; 8                    ; Untyped                        ;
; AUTO_CARRY_CHAINS                  ; ON                   ; AUTO_CARRY                     ;
; IGNORE_CARRY_BUFFERS               ; OFF                  ; IGNORE_CARRY                   ;
; AUTO_CASCADE_CHAINS                ; ON                   ; AUTO_CASCADE                   ;
; IGNORE_CASCADE_BUFFERS             ; OFF                  ; IGNORE_CASCADE                 ;
; WIDTH_BYTEENA                      ; 1                    ; Untyped                        ;
; OPERATION_MODE                     ; DUAL_PORT            ; Untyped                        ;
; WIDTH_A                            ; 63                   ; Untyped                        ;
; WIDTHAD_A                          ; 10                   ; Untyped                        ;
; NUMWORDS_A                         ; 1024                 ; Untyped                        ;
; OUTDATA_REG_A                      ; UNREGISTERED         ; Untyped                        ;
; ADDRESS_ACLR_A                     ; NONE                 ; Untyped                        ;
; OUTDATA_ACLR_A                     ; NONE                 ; Untyped                        ;
; WRCONTROL_ACLR_A                   ; NONE                 ; Untyped                        ;
; INDATA_ACLR_A                      ; NONE                 ; Untyped                        ;
; BYTEENA_ACLR_A                     ; NONE                 ; Untyped                        ;
; WIDTH_B                            ; 63                   ; Untyped                        ;
; WIDTHAD_B                          ; 10                   ; Untyped                        ;
; NUMWORDS_B                         ; 1024                 ; Untyped                        ;
; INDATA_REG_B                       ; CLOCK1               ; Untyped                        ;
; WRCONTROL_WRADDRESS_REG_B          ; CLOCK1               ; Untyped                        ;
; RDCONTROL_REG_B                    ; CLOCK1               ; Untyped                        ;
; ADDRESS_REG_B                      ; CLOCK0               ; Untyped                        ;
; OUTDATA_REG_B                      ; UNREGISTERED         ; Untyped                        ;
; BYTEENA_REG_B                      ; CLOCK1               ; Untyped                        ;
; INDATA_ACLR_B                      ; NONE                 ; Untyped                        ;
; WRCONTROL_ACLR_B                   ; NONE                 ; Untyped                        ;
; ADDRESS_ACLR_B                     ; NONE                 ; Untyped                        ;
; OUTDATA_ACLR_B                     ; NONE                 ; Untyped                        ;
; RDCONTROL_ACLR_B                   ; NONE                 ; Untyped                        ;
; BYTEENA_ACLR_B                     ; NONE                 ; Untyped                        ;
; WIDTH_BYTEENA_A                    ; 1                    ; Untyped                        ;
; WIDTH_BYTEENA_B                    ; 1                    ; Untyped                        ;
; RAM_BLOCK_TYPE                     ; AUTO                 ; Untyped                        ;
; BYTE_SIZE                          ; 8                    ; Untyped                        ;
; READ_DURING_WRITE_MODE_MIXED_PORTS ; OLD_DATA             ; Untyped                        ;
; READ_DURING_WRITE_MODE_PORT_A      ; NEW_DATA_NO_NBE_READ ; Untyped                        ;
; READ_DURING_WRITE_MODE_PORT_B      ; NEW_DATA_NO_NBE_READ ; Untyped                        ;
; INIT_FILE                          ; UNUSED               ; Untyped                        ;
; INIT_FILE_LAYOUT                   ; PORT_A               ; Untyped                        ;
; MAXIMUM_DEPTH                      ; 0                    ; Untyped                        ;
; CLOCK_ENABLE_INPUT_A               ; NORMAL               ; Untyped                        ;
; CLOCK_ENABLE_INPUT_B               ; NORMAL               ; Untyped                        ;
; CLOCK_ENABLE_OUTPUT_A              ; NORMAL               ; Untyped                        ;
; CLOCK_ENABLE_OUTPUT_B              ; NORMAL               ; Untyped                        ;
; CLOCK_ENABLE_CORE_A                ; USE_INPUT_CLKEN      ; Untyped                        ;
; CLOCK_ENABLE_CORE_B                ; USE_INPUT_CLKEN      ; Untyped                        ;
; ENABLE_ECC                         ; FALSE                ; Untyped                        ;
; ECC_PIPELINE_STAGE_ENABLED         ; FALSE                ; Untyped                        ;
; WIDTH_ECCSTATUS                    ; 3                    ; Untyped                        ;
; DEVICE_FAMILY                      ; Cyclone IV E         ; Untyped                        ;
; CBXI_PARAMETER                     ; altsyncram_i5h1      ; Untyped                        ;
+------------------------------------+----------------------+--------------------------------+
Note: In order to hide this table in the UI and the text report file, please set the "Show Parameter Settings in Synthesis Report" option in "Analysis and Synthesis Settings -> More Settings" to "Off".


+---------------------------------------------------------------------------------------+
; altsyncram Parameter Settings by Entity Instance                                      ;
+-------------------------------------------+-------------------------------------------+
; Name                                      ; Value                                     ;
+-------------------------------------------+-------------------------------------------+
; Number of entity instances                ; 2                                         ;
; Entity Instance                           ; uart_tx:u_uart_tx|altsyncram:buffer_rtl_0 ;
;     -- OPERATION_MODE                     ; DUAL_PORT                                 ;
;     -- WIDTH_A                            ; 9                                         ;
;     -- NUMWORDS_A                         ; 1024                                      ;
;     -- OUTDATA_REG_A                      ; UNREGISTERED                              ;
;     -- WIDTH_B                            ; 9                                         ;
;     -- NUMWORDS_B                         ; 1024                                      ;
;     -- ADDRESS_REG_B                      ; CLOCK0                                    ;
;     -- OUTDATA_REG_B                      ; UNREGISTERED                              ;
;     -- RAM_BLOCK_TYPE                     ; AUTO                                      ;
;     -- READ_DURING_WRITE_MODE_MIXED_PORTS ; OLD_DATA                                  ;
; Entity Instance                           ; can_top:u_can_top|altsyncram:buffer_rtl_0 ;
;     -- OPERATION_MODE                     ; DUAL_PORT                                 ;
;     -- WIDTH_A                            ; 63                                        ;
;     -- NUMWORDS_A                         ; 1024                                      ;
;     -- OUTDATA_REG_A                      ; UNREGISTERED                              ;
;     -- WIDTH_B                            ; 63                                        ;
;     -- NUMWORDS_B                         ; 1024                                      ;
;     -- ADDRESS_REG_B                      ; CLOCK0                                    ;
;     -- OUTDATA_REG_B                      ; UNREGISTERED                              ;
;     -- RAM_BLOCK_TYPE                     ; AUTO                                      ;
;     -- READ_DURING_WRITE_MODE_MIXED_PORTS ; OLD_DATA                                  ;
+-------------------------------------------+-------------------------------------------+


+-------------------------------------------------------+
; Port Connectivity Checks: "uart_tx:u_uart_tx"         ;
+----------+--------+----------+------------------------+
; Port     ; Type   ; Severity ; Details                ;
+----------+--------+----------+------------------------+
; i_tready ; Output ; Info     ; Explicitly unconnected ;
; i_tkeep  ; Input  ; Info     ; Stuck at VCC           ;
; i_tlast  ; Input  ; Info     ; Stuck at GND           ;
+----------+--------+----------+------------------------+


+---------------------------------------------------------+
; Port Connectivity Checks: "can_top:u_can_top"           ;
+------------+--------+----------+------------------------+
; Port       ; Type   ; Severity ; Details                ;
+------------+--------+----------+------------------------+
; tx_ready   ; Output ; Info     ; Explicitly unconnected ;
; tx_data[0] ; Input  ; Info     ; Stuck at GND           ;
; rx_last    ; Output ; Info     ; Explicitly unconnected ;
; rx_id      ; Output ; Info     ; Explicitly unconnected ;
; rx_ide     ; Output ; Info     ; Explicitly unconnected ;
+------------+--------+----------+------------------------+


+-------------------------------+
; Elapsed Time Per Partition    ;
+----------------+--------------+
; Partition Name ; Elapsed Time ;
+----------------+--------------+
; Top            ; 00:00:01     ;
+----------------+--------------+


+-------------------------------+
; Analysis & Synthesis Messages ;
+-------------------------------+
Info: *******************************************************************
Info: Running Quartus II 64-Bit Analysis & Synthesis
    Info: Version 13.1.0 Build 162 10/23/2013 SJ Full Version
    Info: Processing started: Mon Jul 20 15:34:54 2026
Info: Command: quartus_map --read_settings_files=on --write_settings_files=off CAN -c CAN
Info (20030): Parallel compilation is enabled and will use 16 of the 20 processors detected
Info (12021): Found 1 design units, including 1 entities, in source file fpga/uart_tx.v
    Info (12023): Found entity 1: uart_tx
Info (12021): Found 1 design units, including 1 entities, in source file fpga/fpga_top.v
    Info (12023): Found entity 1: fpga_top
Info (12021): Found 1 design units, including 1 entities, in source file rtl/can_top.v
    Info (12023): Found entity 1: can_top
Info (12021): Found 1 design units, including 1 entities, in source file rtl/can_level_packet.v
    Info (12023): Found entity 1: can_level_packet
Info (12021): Found 1 design units, including 1 entities, in source file rtl/can_level_bit.v
    Info (12023): Found entity 1: can_level_bit
Info (12127): Elaborating entity "fpga_top" for the top level hierarchy
Warning (10240): Verilog HDL Always Construct warning at fpga_top.v(48): inferring latch(es) for variable "can_tx_data", which holds its previous value in one or more paths through the always construct
Info (10041): Inferred latch for "can_tx_data[0]" at fpga_top.v(48)
Info (12128): Elaborating entity "can_top" for hierarchy "can_top:u_can_top"
Info (12128): Elaborating entity "can_level_packet" for hierarchy "can_top:u_can_top|can_level_packet:u_can_level_packet"
Info (10264): Verilog HDL Case Statement information at can_level_packet.v(160): all case item expressions in this case statement are onehot
Info (12128): Elaborating entity "can_level_bit" for hierarchy "can_top:u_can_top|can_level_packet:u_can_level_packet|can_level_bit:u_can_level_bit"
Info (10264): Verilog HDL Case Statement information at can_level_bit.v(78): all case item expressions in this case statement are onehot
Info (12128): Elaborating entity "uart_tx" for hierarchy "uart_tx:u_uart_tx"
Info (10648): Verilog HDL Display System Task info at uart_tx.v(286): uart_tx :           parity = NONE
Info (10648): Verilog HDL Display System Task info at uart_tx.v(287): uart_tx :     clock period = %.0f ns   (%-10d Hz)
Info (10648): Verilog HDL Display System Task info at uart_tx.v(288): uart_tx : baud rate period = %.0f ns   (%-10d Hz)
Info (10648): Verilog HDL Display System Task info at uart_tx.v(289): uart_tx :      baud cycles = %-10d
Info (10648): Verilog HDL Display System Task info at uart_tx.v(290): uart_tx : baud cycles frac = %-10d
Info (10648): Verilog HDL Display System Task info at uart_tx.v(299): uart_tx :             __      ____ ____ ____ ____ ____ ____ ____ _______ 
Info (10648): Verilog HDL Display System Task info at uart_tx.v(300): uart_tx :        wave   \\____/____X____X____X____X____X____X____X____/   
Info (10648): Verilog HDL Display System Task info at uart_tx.v(301): uart_tx :        bits   | S  | B0 | B1 | B2 | B3 | B4 | B5 | B6 | B7 |   
Info (10648): Verilog HDL Display System Task info at uart_tx.v(302): uart_tx : time_points  t0   t1   t2   t3   t4   t5   t6   t7   t8   t9   
Info (10648): Verilog HDL Display System Task info at uart_tx.v(303): uart_tx :
Info (10648): Verilog HDL Display System Task info at uart_tx.v(326): uart_tx : t%-2d- t0 = %.0f ns (ideal)  %.0f ns (actual).   error=%.0f ns   relative_error=%.3f%3f
Info (10648): Verilog HDL Display System Task info at uart_tx.v(326): uart_tx : t%-2d- t0 = %.0f ns (ideal)  %.0f ns (actual).   error=%.0f ns   relative_error=%.3f%3f
Info (10648): Verilog HDL Display System Task info at uart_tx.v(326): uart_tx : t%-2d- t0 = %.0f ns (ideal)  %.0f ns (actual).   error=%.0f ns   relative_error=%.3f%3f
Info (10648): Verilog HDL Display System Task info at uart_tx.v(326): uart_tx : t%-2d- t0 = %.0f ns (ideal)  %.0f ns (actual).   error=%.0f ns   relative_error=%.3f%3f
Info (10648): Verilog HDL Display System Task info at uart_tx.v(326): uart_tx : t%-2d- t0 = %.0f ns (ideal)  %.0f ns (actual).   error=%.0f ns   relative_error=%.3f%3f
Info (10648): Verilog HDL Display System Task info at uart_tx.v(326): uart_tx : t%-2d- t0 = %.0f ns (ideal)  %.0f ns (actual).   error=%.0f ns   relative_error=%.3f%3f
Info (10648): Verilog HDL Display System Task info at uart_tx.v(326): uart_tx : t%-2d- t0 = %.0f ns (ideal)  %.0f ns (actual).   error=%.0f ns   relative_error=%.3f%3f
Info (10648): Verilog HDL Display System Task info at uart_tx.v(326): uart_tx : t%-2d- t0 = %.0f ns (ideal)  %.0f ns (actual).   error=%.0f ns   relative_error=%.3f%3f
Info (10648): Verilog HDL Display System Task info at uart_tx.v(326): uart_tx : t%-2d- t0 = %.0f ns (ideal)  %.0f ns (actual).   error=%.0f ns   relative_error=%.3f%3f
Info (19000): Inferred 2 megafunctions from design logic
    Info (276029): Inferred altsyncram megafunction from the following design logic: "uart_tx:u_uart_tx|buffer_rtl_0" 
        Info (286033): Parameter OPERATION_MODE set to DUAL_PORT
        Info (286033): Parameter WIDTH_A set to 9
        Info (286033): Parameter WIDTHAD_A set to 10
        Info (286033): Parameter NUMWORDS_A set to 1024
        Info (286033): Parameter WIDTH_B set to 9
        Info (286033): Parameter WIDTHAD_B set to 10
        Info (286033): Parameter NUMWORDS_B set to 1024
        Info (286033): Parameter ADDRESS_ACLR_A set to NONE
        Info (286033): Parameter OUTDATA_REG_B set to UNREGISTERED
        Info (286033): Parameter ADDRESS_ACLR_B set to NONE
        Info (286033): Parameter OUTDATA_ACLR_B set to NONE
        Info (286033): Parameter ADDRESS_REG_B set to CLOCK0
        Info (286033): Parameter INDATA_ACLR_A set to NONE
        Info (286033): Parameter WRCONTROL_ACLR_A set to NONE
        Info (286033): Parameter READ_DURING_WRITE_MODE_MIXED_PORTS set to OLD_DATA
    Info (276029): Inferred altsyncram megafunction from the following design logic: "can_top:u_can_top|buffer_rtl_0" 
        Info (286033): Parameter OPERATION_MODE set to DUAL_PORT
        Info (286033): Parameter WIDTH_A set to 63
        Info (286033): Parameter WIDTHAD_A set to 10
        Info (286033): Parameter NUMWORDS_A set to 1024
        Info (286033): Parameter WIDTH_B set to 63
        Info (286033): Parameter WIDTHAD_B set to 10
        Info (286033): Parameter NUMWORDS_B set to 1024
        Info (286033): Parameter ADDRESS_ACLR_A set to NONE
        Info (286033): Parameter OUTDATA_REG_B set to UNREGISTERED
        Info (286033): Parameter ADDRESS_ACLR_B set to NONE
        Info (286033): Parameter OUTDATA_ACLR_B set to NONE
        Info (286033): Parameter ADDRESS_REG_B set to CLOCK0
        Info (286033): Parameter INDATA_ACLR_A set to NONE
        Info (286033): Parameter WRCONTROL_ACLR_A set to NONE
        Info (286033): Parameter READ_DURING_WRITE_MODE_MIXED_PORTS set to OLD_DATA
Info (12130): Elaborated megafunction instantiation "uart_tx:u_uart_tx|altsyncram:buffer_rtl_0"
Info (12133): Instantiated megafunction "uart_tx:u_uart_tx|altsyncram:buffer_rtl_0" with the following parameter:
    Info (12134): Parameter "OPERATION_MODE" = "DUAL_PORT"
    Info (12134): Parameter "WIDTH_A" = "9"
    Info (12134): Parameter "WIDTHAD_A" = "10"
    Info (12134): Parameter "NUMWORDS_A" = "1024"
    Info (12134): Parameter "WIDTH_B" = "9"
    Info (12134): Parameter "WIDTHAD_B" = "10"
    Info (12134): Parameter "NUMWORDS_B" = "1024"
    Info (12134): Parameter "ADDRESS_ACLR_A" = "NONE"
    Info (12134): Parameter "OUTDATA_REG_B" = "UNREGISTERED"
    Info (12134): Parameter "ADDRESS_ACLR_B" = "NONE"
    Info (12134): Parameter "OUTDATA_ACLR_B" = "NONE"
    Info (12134): Parameter "ADDRESS_REG_B" = "CLOCK0"
    Info (12134): Parameter "INDATA_ACLR_A" = "NONE"
    Info (12134): Parameter "WRCONTROL_ACLR_A" = "NONE"
    Info (12134): Parameter "READ_DURING_WRITE_MODE_MIXED_PORTS" = "OLD_DATA"
Info (12021): Found 1 design units, including 1 entities, in source file db/altsyncram_i2h1.tdf
    Info (12023): Found entity 1: altsyncram_i2h1
Info (12130): Elaborated megafunction instantiation "can_top:u_can_top|altsyncram:buffer_rtl_0"
Info (12133): Instantiated megafunction "can_top:u_can_top|altsyncram:buffer_rtl_0" with the following parameter:
    Info (12134): Parameter "OPERATION_MODE" = "DUAL_PORT"
    Info (12134): Parameter "WIDTH_A" = "63"
    Info (12134): Parameter "WIDTHAD_A" = "10"
    Info (12134): Parameter "NUMWORDS_A" = "1024"
    Info (12134): Parameter "WIDTH_B" = "63"
    Info (12134): Parameter "WIDTHAD_B" = "10"
    Info (12134): Parameter "NUMWORDS_B" = "1024"
    Info (12134): Parameter "ADDRESS_ACLR_A" = "NONE"
    Info (12134): Parameter "OUTDATA_REG_B" = "UNREGISTERED"
    Info (12134): Parameter "ADDRESS_ACLR_B" = "NONE"
    Info (12134): Parameter "OUTDATA_ACLR_B" = "NONE"
    Info (12134): Parameter "ADDRESS_REG_B" = "CLOCK0"
    Info (12134): Parameter "INDATA_ACLR_A" = "NONE"
    Info (12134): Parameter "WRCONTROL_ACLR_A" = "NONE"
    Info (12134): Parameter "READ_DURING_WRITE_MODE_MIXED_PORTS" = "OLD_DATA"
Info (12021): Found 1 design units, including 1 entities, in source file db/altsyncram_i5h1.tdf
    Info (12023): Found entity 1: altsyncram_i5h1
Info (13000): Registers with preset signals will power-up high
Info (13003): DEV_CLRn pin will set, and not reset, register with preset signal due to NOT Gate Push-Back
Info (286030): Timing-Driven Synthesis is running
Info (17049): 4 registers lost all their fanouts during netlist optimizations.
Info (144001): Generated suppressed messages file D:/Project/FPGA/CAN_test2/output_files/CAN.map.smsg
Info (16010): Generating hard_block partition "hard_block:auto_generated_inst"
    Info (16011): Adding 0 node(s), including 0 DDIO, 0 PLL, 0 transceiver and 0 LCELL
Info (21057): Implemented 1473 device resources after synthesis - the final resource count might be different
    Info (21058): Implemented 2 input pins
    Info (21059): Implemented 2 output pins
    Info (21061): Implemented 1397 logic cells
    Info (21064): Implemented 72 RAM segments
Info: Quartus II 64-Bit Analysis & Synthesis was successful. 0 errors, 1 warning
    Info: Peak virtual memory: 4962 megabytes
    Info: Processing ended: Mon Jul 20 15:34:56 2026
    Info: Elapsed time: 00:00:02
    Info: Total CPU time (on all processors): 00:00:02


+------------------------------------------+
; Analysis & Synthesis Suppressed Messages ;
+------------------------------------------+
The suppressed messages can be found in D:/Project/FPGA/CAN_test2/output_files/CAN.map.smsg.


